[debug] [2021-08-22T15:40:01.261Z] ----------------------------------------------------------------------
[debug] [2021-08-22T15:40:01.263Z] Command:       /usr/local/bin/firebase /Users/benjaminrose/.cache/firebase/tools/lib/node_modules/firebase-tools/lib/bin/firebase deploy --only functions
[debug] [2021-08-22T15:40:01.263Z] CLI Version:   9.12.1
[debug] [2021-08-22T15:40:01.263Z] Platform:      darwin
[debug] [2021-08-22T15:40:01.263Z] Node Version:  v12.18.1
[debug] [2021-08-22T15:40:01.268Z] Time:          Sun Aug 22 2021 11:40:01 GMT-0400 (Eastern Daylight Time)
[debug] [2021-08-22T15:40:01.268Z] ----------------------------------------------------------------------
[debug] 
[debug] [2021-08-22T15:40:01.269Z] >>> [apiv2][query] GET https://firebase-public.firebaseio.com/cli.json [none]
[debug] [2021-08-22T15:40:01.282Z] > command requires scopes: ["email","openid","https://www.googleapis.com/auth/cloudplatformprojects.readonly","https://www.googleapis.com/auth/firebase","https://www.googleapis.com/auth/cloud-platform"]
[debug] [2021-08-22T15:40:01.283Z] > authorizing via signed-in user (benjaminharringtonrose@gmail.com)
[debug] [2021-08-22T15:40:01.283Z] [iam] checking project surfevent-f39db for permissions ["cloudfunctions.functions.create","cloudfunctions.functions.delete","cloudfunctions.functions.get","cloudfunctions.functions.list","cloudfunctions.functions.update","cloudfunctions.operations.get","firebase.projects.get"]
[debug] [2021-08-22T15:40:01.283Z] > refreshing access token with scopes: ["email","https://www.googleapis.com/auth/cloud-platform","https://www.googleapis.com/auth/cloudplatformprojects.readonly","https://www.googleapis.com/auth/firebase","openid"]
[debug] [2021-08-22T15:40:01.284Z] >>> HTTP REQUEST POST https://www.googleapis.com/oauth2/v3/token  
 <request body omitted>
[debug] [2021-08-22T15:40:01.476Z] <<< HTTP RESPONSE 200 {"expires":"Mon, 01 Jan 1990 00:00:00 GMT","pragma":"no-cache","date":"Sun, 22 Aug 2021 15:40:01 GMT","cache-control":"no-cache, no-store, max-age=0, must-revalidate","content-type":"application/json; charset=utf-8","vary":"X-Origin, Referer, Origin,Accept-Encoding","server":"scaffolding on HTTPServer2","x-xss-protection":"0","x-frame-options":"SAMEORIGIN","x-content-type-options":"nosniff","alt-svc":"h3=\":443\"; ma=2592000,h3-29=\":443\"; ma=2592000,h3-T051=\":443\"; ma=2592000,h3-Q050=\":443\"; ma=2592000,h3-Q046=\":443\"; ma=2592000,h3-Q043=\":443\"; ma=2592000,quic=\":443\"; ma=2592000; v=\"46,43\"","accept-ranges":"none","transfer-encoding":"chunked"}
[debug] [2021-08-22T15:40:01.537Z] >>> HTTP REQUEST POST https://cloudresourcemanager.googleapis.com/v1/projects/surfevent-f39db:testIamPermissions  
 {"permissions":["cloudfunctions.functions.create","cloudfunctions.functions.delete","cloudfunctions.functions.get","cloudfunctions.functions.list","cloudfunctions.functions.update","cloudfunctions.operations.get","firebase.projects.get"]}
[debug] [2021-08-22T15:40:01.543Z] <<< [apiv2][status] GET https://firebase-public.firebaseio.com/cli.json 200
[debug] [2021-08-22T15:40:01.543Z] <<< [apiv2][body] GET https://firebase-public.firebaseio.com/cli.json {"cloudBuildErrorAfter":1594252800000,"cloudBuildWarnAfter":1590019200000,"defaultNode10After":1594252800000,"minVersion":"3.0.5","node8DeploysDisabledAfter":1613390400000,"node8RuntimeDisabledAfter":1615809600000,"node8WarnAfter":1600128000000}
[debug] [2021-08-22T15:40:01.723Z] <<< HTTP RESPONSE 200 {"content-type":"application/json; charset=UTF-8","vary":"X-Origin, Referer, Origin,Accept-Encoding","date":"Sun, 22 Aug 2021 15:40:01 GMT","server":"ESF","cache-control":"private","x-xss-protection":"0","x-frame-options":"SAMEORIGIN","x-content-type-options":"nosniff","server-timing":"gfet4t7; dur=34","alt-svc":"h3=\":443\"; ma=2592000,h3-29=\":443\"; ma=2592000,h3-T051=\":443\"; ma=2592000,h3-Q050=\":443\"; ma=2592000,h3-Q046=\":443\"; ma=2592000,h3-Q043=\":443\"; ma=2592000,quic=\":443\"; ma=2592000; v=\"46,43\"","accept-ranges":"none","transfer-encoding":"chunked"}
[debug] [2021-08-22T15:40:01.724Z] >>> HTTP REQUEST POST https://iam.googleapis.com/v1/projects/surfevent-f39db/serviceAccounts/surfevent-f39db@appspot.gserviceaccount.com:testIamPermissions  
 {"permissions":["iam.serviceAccounts.actAs"]}
[debug] [2021-08-22T15:40:01.905Z] <<< HTTP RESPONSE 200 {"content-type":"application/json; charset=UTF-8","vary":"X-Origin, Referer, Origin,Accept-Encoding","date":"Sun, 22 Aug 2021 15:40:01 GMT","server":"ESF","cache-control":"private","x-xss-protection":"0","x-frame-options":"SAMEORIGIN","x-content-type-options":"nosniff","alt-svc":"h3=\":443\"; ma=2592000,h3-29=\":443\"; ma=2592000,h3-T051=\":443\"; ma=2592000,h3-Q050=\":443\"; ma=2592000,h3-Q046=\":443\"; ma=2592000,h3-Q043=\":443\"; ma=2592000,quic=\":443\"; ma=2592000; v=\"46,43\"","accept-ranges":"none","transfer-encoding":"chunked"}
[info] 
[info] === Deploying to 'surfevent-f39db'...
[info] 
[info] i  deploying functions 
[info] Running command: npm --prefix "$RESOURCE_DIR" run lint
[info] Running command: npm --prefix "$RESOURCE_DIR" run build
[info] ✔  functions: Finished running predeploy script. 
[info] i  functions: ensuring required API cloudfunctions.googleapis.com is enabled... 
[info] i  functions: ensuring required API cloudbuild.googleapis.com is enabled... 
[debug] [2021-08-22T15:40:15.364Z] >>> HTTP REQUEST GET https://serviceusage.googleapis.com/v1/projects/surfevent-f39db/services/cloudfunctions.googleapis.com  
 
[debug] [2021-08-22T15:40:15.365Z] >>> HTTP REQUEST GET https://serviceusage.googleapis.com/v1/projects/surfevent-f39db/services/runtimeconfig.googleapis.com  
 
[debug] [2021-08-22T15:40:15.365Z] >>> HTTP REQUEST GET https://serviceusage.googleapis.com/v1/projects/surfevent-f39db/services/cloudbuild.googleapis.com  
 
[debug] [2021-08-22T15:40:15.747Z] <<< HTTP RESPONSE 200 {"content-type":"application/json; charset=UTF-8","vary":"X-Origin, Referer, Origin,Accept-Encoding","date":"Sun, 22 Aug 2021 15:40:15 GMT","server":"ESF","cache-control":"private","x-xss-protection":"0","x-frame-options":"SAMEORIGIN","x-content-type-options":"nosniff","alt-svc":"h3=\":443\"; ma=2592000,h3-29=\":443\"; ma=2592000,h3-T051=\":443\"; ma=2592000,h3-Q050=\":443\"; ma=2592000,h3-Q046=\":443\"; ma=2592000,h3-Q043=\":443\"; ma=2592000,quic=\":443\"; ma=2592000; v=\"46,43\"","accept-ranges":"none","transfer-encoding":"chunked"}
[debug] [2021-08-22T15:40:15.805Z] <<< HTTP RESPONSE 200 {"content-type":"application/json; charset=UTF-8","vary":"X-Origin, Referer, Origin,Accept-Encoding","date":"Sun, 22 Aug 2021 15:40:15 GMT","server":"ESF","cache-control":"private","x-xss-protection":"0","x-frame-options":"SAMEORIGIN","x-content-type-options":"nosniff","alt-svc":"h3=\":443\"; ma=2592000,h3-29=\":443\"; ma=2592000,h3-T051=\":443\"; ma=2592000,h3-Q050=\":443\"; ma=2592000,h3-Q046=\":443\"; ma=2592000,h3-Q043=\":443\"; ma=2592000,quic=\":443\"; ma=2592000; v=\"46,43\"","accept-ranges":"none","transfer-encoding":"chunked"}
[info] ✔  functions: required API cloudfunctions.googleapis.com is enabled 
[debug] [2021-08-22T15:40:15.844Z] <<< HTTP RESPONSE 200 {"content-type":"application/json; charset=UTF-8","vary":"X-Origin, Referer, Origin,Accept-Encoding","date":"Sun, 22 Aug 2021 15:40:15 GMT","server":"ESF","cache-control":"private","x-xss-protection":"0","x-frame-options":"SAMEORIGIN","x-content-type-options":"nosniff","alt-svc":"h3=\":443\"; ma=2592000,h3-29=\":443\"; ma=2592000,h3-T051=\":443\"; ma=2592000,h3-Q050=\":443\"; ma=2592000,h3-Q046=\":443\"; ma=2592000,h3-Q043=\":443\"; ma=2592000,quic=\":443\"; ma=2592000; v=\"46,43\"","accept-ranges":"none","transfer-encoding":"chunked"}
[info] ✔  functions: required API cloudbuild.googleapis.com is enabled 
[debug] [2021-08-22T15:40:15.844Z] >>> HTTP REQUEST GET https://firebase.googleapis.com/v1beta1/projects/surfevent-f39db/adminSdkConfig  
 
[debug] [2021-08-22T15:40:16.162Z] <<< HTTP RESPONSE 200 {"content-type":"application/json; charset=UTF-8","vary":"X-Origin, Referer, Origin,Accept-Encoding","date":"Sun, 22 Aug 2021 15:40:16 GMT","server":"ESF","cache-control":"private","x-xss-protection":"0","x-frame-options":"SAMEORIGIN","x-content-type-options":"nosniff","alt-svc":"h3=\":443\"; ma=2592000,h3-29=\":443\"; ma=2592000,h3-T051=\":443\"; ma=2592000,h3-Q050=\":443\"; ma=2592000,h3-Q046=\":443\"; ma=2592000,h3-Q043=\":443\"; ma=2592000,quic=\":443\"; ma=2592000; v=\"46,43\"","accept-ranges":"none","transfer-encoding":"chunked"}
[info] i  functions: preparing functions directory for uploading... 
[debug] [2021-08-22T15:40:16.163Z] >>> HTTP REQUEST GET https://runtimeconfig.googleapis.com/v1beta1/projects/surfevent-f39db/configs  
 
[debug] [2021-08-22T15:40:16.394Z] <<< HTTP RESPONSE 200 {"content-type":"application/json; charset=UTF-8","vary":"X-Origin, Referer, Origin,Accept-Encoding","date":"Sun, 22 Aug 2021 15:40:16 GMT","server":"ESF","cache-control":"private","x-xss-protection":"0","x-frame-options":"SAMEORIGIN","x-content-type-options":"nosniff","alt-svc":"h3=\":443\"; ma=2592000,h3-29=\":443\"; ma=2592000,h3-T051=\":443\"; ma=2592000,h3-Q050=\":443\"; ma=2592000,h3-Q046=\":443\"; ma=2592000,h3-Q043=\":443\"; ma=2592000,quic=\":443\"; ma=2592000; v=\"46,43\"","accept-ranges":"none","transfer-encoding":"chunked"}
[debug] [2021-08-22T15:40:16.394Z] Analyizing backend with strategy parseJSExports
[info] i  functions: packaged functions (54.01 KB) for uploading 
[info] i  pubsub: ensuring required API pubsub.googleapis.com is enabled... 
[info] i  scheduler: ensuring required API cloudscheduler.googleapis.com is enabled... 
[debug] [2021-08-22T15:40:16.673Z] >>> HTTP REQUEST GET https://serviceusage.googleapis.com/v1/projects/surfevent-f39db/services/pubsub.googleapis.com  
 
[debug] [2021-08-22T15:40:16.673Z] >>> HTTP REQUEST GET https://serviceusage.googleapis.com/v1/projects/surfevent-f39db/services/cloudscheduler.googleapis.com  
 
[debug] [2021-08-22T15:40:16.674Z] > [functions] package.json contents: {
  "name": "functions",
  "scripts": {
    "lint": "eslint --ext .js,.ts .",
    "build": "tsc",
    "serve": "npm run build && firebase emulators:start --only functions",
    "shell": "npm run build && firebase functions:shell",
    "start": "npm run shell",
    "deploy": "firebase deploy --only functions",
    "logs": "firebase functions:log"
  },
  "engines": {
    "node": "14"
  },
  "main": "lib/index.js",
  "dependencies": {
    "firebase-admin": "^9.8.0",
    "firebase-functions": "^3.14.1"
  },
  "devDependencies": {
    "@typescript-eslint/eslint-plugin": "^3.9.1",
    "@typescript-eslint/parser": "^3.8.0",
    "eslint": "^7.6.0",
    "eslint-config-google": "^0.14.0",
    "eslint-plugin-import": "^2.22.0",
    "firebase-functions-test": "^0.2.0",
    "typescript": "^3.8.0"
  },
  "private": true
}
[debug] [2021-08-22T15:40:16.675Z] >>> HTTP REQUEST GET https://cloudfunctions.googleapis.com/v1/projects/surfevent-f39db/locations/-/functions  
 
[debug] [2021-08-22T15:40:17.081Z] <<< HTTP RESPONSE 200 {"content-type":"application/json; charset=UTF-8","vary":"X-Origin, Referer, Origin,Accept-Encoding","date":"Sun, 22 Aug 2021 15:40:16 GMT","server":"ESF","cache-control":"private","x-xss-protection":"0","x-frame-options":"SAMEORIGIN","x-content-type-options":"nosniff","alt-svc":"h3=\":443\"; ma=2592000,h3-29=\":443\"; ma=2592000,h3-T051=\":443\"; ma=2592000,h3-Q050=\":443\"; ma=2592000,h3-Q046=\":443\"; ma=2592000,h3-Q043=\":443\"; ma=2592000,quic=\":443\"; ma=2592000; v=\"46,43\"","accept-ranges":"none","transfer-encoding":"chunked"}
[info] ✔  scheduler: required API cloudscheduler.googleapis.com is enabled 
[debug] [2021-08-22T15:40:17.127Z] <<< HTTP RESPONSE 200 {"content-type":"application/json; charset=UTF-8","vary":"X-Origin, Referer, Origin,Accept-Encoding","date":"Sun, 22 Aug 2021 15:40:16 GMT","server":"ESF","cache-control":"private","x-xss-protection":"0","x-frame-options":"SAMEORIGIN","x-content-type-options":"nosniff","alt-svc":"h3=\":443\"; ma=2592000,h3-29=\":443\"; ma=2592000,h3-T051=\":443\"; ma=2592000,h3-Q050=\":443\"; ma=2592000,h3-Q046=\":443\"; ma=2592000,h3-Q043=\":443\"; ma=2592000,quic=\":443\"; ma=2592000; v=\"46,43\"","accept-ranges":"none","transfer-encoding":"chunked"}
[info] ✔  pubsub: required API pubsub.googleapis.com is enabled 
[debug] [2021-08-22T15:40:17.207Z] <<< HTTP RESPONSE 200 {"content-type":"application/json; charset=UTF-8","vary":"X-Origin, Referer, Origin,Accept-Encoding","date":"Sun, 22 Aug 2021 15:40:17 GMT","server":"ESF","cache-control":"private","x-xss-protection":"0","x-frame-options":"SAMEORIGIN","x-content-type-options":"nosniff","alt-svc":"h3=\":443\"; ma=2592000,h3-29=\":443\"; ma=2592000,h3-T051=\":443\"; ma=2592000,h3-Q050=\":443\"; ma=2592000,h3-Q046=\":443\"; ma=2592000,h3-Q043=\":443\"; ma=2592000,quic=\":443\"; ma=2592000; v=\"46,43\"","accept-ranges":"none","transfer-encoding":"chunked"}
[debug] [2021-08-22T15:40:17.209Z] >>> HTTP REQUEST POST https://cloudfunctions.googleapis.com/v1/projects/surfevent-f39db/locations/us-central1/functions:generateUploadUrl  
 
[debug] [2021-08-22T15:40:17.780Z] <<< HTTP RESPONSE 200 {"content-type":"application/json; charset=UTF-8","vary":"X-Origin, Referer, Origin,Accept-Encoding","date":"Sun, 22 Aug 2021 15:40:17 GMT","server":"ESF","cache-control":"private","x-xss-protection":"0","x-frame-options":"SAMEORIGIN","x-content-type-options":"nosniff","alt-svc":"h3=\":443\"; ma=2592000,h3-29=\":443\"; ma=2592000,h3-T051=\":443\"; ma=2592000,h3-Q050=\":443\"; ma=2592000,h3-Q046=\":443\"; ma=2592000,h3-Q043=\":443\"; ma=2592000,quic=\":443\"; ma=2592000; v=\"46,43\"","accept-ranges":"none","transfer-encoding":"chunked"}
[debug] [2021-08-22T15:40:17.781Z] >>> HTTP REQUEST PUT https://storage.googleapis.com/gcf-upload-us-central1-98d4fc72-1ccc-404c-8da2-507a8a99d4b9/8d2abe82-42e3-4183-80eb-e9ce05c75181.zip?GoogleAccessId=service-46767575@gcf-admin-robot.iam.gserviceaccount.com&Expires=1629648617&Signature=juzdoNIT%2FYD0vUDXKL6QJrUwHRiofaAqEbenXtWirYJ33scE4cT%2BQfEM8%2BFE9wgjGAC3amKbVIYSe81d5FcJ0FRohQsRWK%2F1lyQvAhbfZs27FB27%2BYHtj%2BhBct%2Be%2FrqK8AZDnPbOJBFEQMwRcTXAx%2FPFxb7JYaxYqew7AGcRpvtVULk4ao5E6AKQDD3VYb0qX3R97mpIAVvQQ78ufQIBI41CMo3%2FyuDdv52lt4z2kekLzeFpHnI9j9c5p6t1REYQQZmsviKqx2oQqM2MDr8vff2rjPyc1ZcsQlGSKJoXxBzXfasM7DaEois4Hs3ld44CS9s2NG%2Bfs6p2OJNuR3ncow%3D%3D  
 <request body omitted>
[debug] [2021-08-22T15:40:18.087Z] <<< HTTP RESPONSE 200 {"x-guploader-uploadid":"ADPycdvT_nA2ktRyGCSmEljwhm8xG6p5xksKEWMM-WFcJGXaOq2wrJSbxt8pgmQGtZ6cMbFy1UgEQ0BxzpDoRYcFciJRbAsWJA","etag":"\"00ab834fda4d8a031e7b182fc07c100b\"","x-goog-generation":"1629646817958158","x-goog-metageneration":"1","x-goog-hash":"crc32c=iy3RzQ==, md5=AKuDT9pNigMeexgvwHwQCw==","x-goog-stored-content-length":"55304","x-goog-stored-content-encoding":"identity","vary":"Origin","content-length":"0","date":"Sun, 22 Aug 2021 15:40:17 GMT","server":"UploadServer","content-type":"text/html; charset=UTF-8","alt-svc":"h3=\":443\"; ma=2592000,h3-29=\":443\"; ma=2592000,h3-T051=\":443\"; ma=2592000,h3-Q050=\":443\"; ma=2592000,h3-Q046=\":443\"; ma=2592000,h3-Q043=\":443\"; ma=2592000,quic=\":443\"; ma=2592000; v=\"46,43\""}
[info] ✔  functions: functions folder uploaded successfully 
[info] i  functions: updating Node.js 14 function onCreateEvent(us-central1)... 
[debug] [2021-08-22T15:40:18.091Z] >>> HTTP REQUEST GET https://cloudscheduler.googleapis.com/v1beta1/projects/surfevent-f39db/locations/us-east1/jobs/firebase-schedule-scheduleMessage-us-central1  
 
[debug] [2021-08-22T15:40:18.092Z] >>> HTTP REQUEST PATCH https://cloudfunctions.googleapis.com/v1/projects/surfevent-f39db/locations/us-central1/functions/onCreateEvent {"updateMask":"name,sourceUploadUrl,entryPoint,runtime,eventTrigger.eventType,eventTrigger.resource,eventTrigger.failurePolicy,labels,environmentVariables"} 
 {"name":"projects/surfevent-f39db/locations/us-central1/functions/onCreateEvent","sourceUploadUrl":"https://storage.googleapis.com/gcf-upload-us-central1-98d4fc72-1ccc-404c-8da2-507a8a99d4b9/8d2abe82-42e3-4183-80eb-e9ce05c75181.zip?GoogleAccessId=service-46767575@gcf-admin-robot.iam.gserviceaccount.com&Expires=1629648617&Signature=juzdoNIT%2FYD0vUDXKL6QJrUwHRiofaAqEbenXtWirYJ33scE4cT%2BQfEM8%2BFE9wgjGAC3amKbVIYSe81d5FcJ0FRohQsRWK%2F1lyQvAhbfZs27FB27%2BYHtj%2BhBct%2Be%2FrqK8AZDnPbOJBFEQMwRcTXAx%2FPFxb7JYaxYqew7AGcRpvtVULk4ao5E6AKQDD3VYb0qX3R97mpIAVvQQ78ufQIBI41CMo3%2FyuDdv52lt4z2kekLzeFpHnI9j9c5p6t1REYQQZmsviKqx2oQqM2MDr8vff2rjPyc1ZcsQlGSKJoXxBzXfasM7DaEois4Hs3ld44CS9s2NG%2Bfs6p2OJNuR3ncow%3D%3D","entryPoint":"onCreateEvent","runtime":"nodejs14","eventTrigger":{"eventType":"providers/cloud.firestore/eventTypes/document.create","resource":"projects/surfevent-f39db/databases/(default)/documents/events/{eventId}"},"labels":{"deployment-tool":"cli-firebase"},"environmentVariables":{"FIREBASE_CONFIG":"{\"projectId\":\"surfevent-f39db\",\"storageBucket\":\"surfevent-f39db.appspot.com\",\"locationId\":\"us-east1\"}"}}
[debug] [2021-08-22T15:40:18.277Z] <<< HTTP RESPONSE 200 {"content-type":"application/json; charset=UTF-8","vary":"X-Origin, Referer, Origin,Accept-Encoding","date":"Sun, 22 Aug 2021 15:40:18 GMT","server":"ESF","cache-control":"private","x-xss-protection":"0","x-frame-options":"SAMEORIGIN","x-content-type-options":"nosniff","alt-svc":"h3=\":443\"; ma=2592000,h3-29=\":443\"; ma=2592000,h3-T051=\":443\"; ma=2592000,h3-Q050=\":443\"; ma=2592000,h3-Q046=\":443\"; ma=2592000,h3-Q043=\":443\"; ma=2592000,quic=\":443\"; ma=2592000; v=\"46,43\"","accept-ranges":"none","transfer-encoding":"chunked"}
[debug] [2021-08-22T15:40:18.277Z] scheduler job firebase-schedule-scheduleMessage-us-central1 is up to date, no changes required
[info] ✔  functions[scheduleMessage(us-central1)]: Successful upsert schedule operation.  
[debug] [2021-08-22T15:40:18.543Z] <<< HTTP RESPONSE 200 {"content-type":"application/json; charset=UTF-8","vary":"X-Origin, Referer, Origin,Accept-Encoding","date":"Sun, 22 Aug 2021 15:40:18 GMT","server":"ESF","cache-control":"private","x-xss-protection":"0","x-frame-options":"SAMEORIGIN","x-content-type-options":"nosniff","alt-svc":"h3=\":443\"; ma=2592000,h3-29=\":443\"; ma=2592000,h3-T051=\":443\"; ma=2592000,h3-Q050=\":443\"; ma=2592000,h3-Q046=\":443\"; ma=2592000,h3-Q043=\":443\"; ma=2592000,quic=\":443\"; ma=2592000; v=\"46,43\"","accept-ranges":"none","transfer-encoding":"chunked"}
[debug] [2021-08-22T15:40:18.544Z] > refreshing access token with scopes: []
[debug] [2021-08-22T15:40:18.544Z] >>> HTTP REQUEST POST https://www.googleapis.com/oauth2/v3/token  
 <request body omitted>
[debug] [2021-08-22T15:40:18.699Z] <<< HTTP RESPONSE 200 {"cache-control":"no-cache, no-store, max-age=0, must-revalidate","expires":"Mon, 01 Jan 1990 00:00:00 GMT","pragma":"no-cache","date":"Sun, 22 Aug 2021 15:40:18 GMT","content-type":"application/json; charset=utf-8","vary":"X-Origin, Referer, Origin,Accept-Encoding","server":"scaffolding on HTTPServer2","x-xss-protection":"0","x-frame-options":"SAMEORIGIN","x-content-type-options":"nosniff","alt-svc":"h3=\":443\"; ma=2592000,h3-29=\":443\"; ma=2592000,h3-T051=\":443\"; ma=2592000,h3-Q050=\":443\"; ma=2592000,h3-Q046=\":443\"; ma=2592000,h3-Q043=\":443\"; ma=2592000,quic=\":443\"; ma=2592000; v=\"46,43\"","accept-ranges":"none","transfer-encoding":"chunked"}
[debug] [2021-08-22T15:40:18.831Z] >>> [apiv2][query] GET https://cloudfunctions.googleapis.com/v1/operations/c3VyZmV2ZW50LWYzOWRiL3VzLWNlbnRyYWwxL29uQ3JlYXRlRXZlbnQvSTVXOVR2a0dLVUU [none]
[debug] [2021-08-22T15:40:19.053Z] <<< [apiv2][status] GET https://cloudfunctions.googleapis.com/v1/operations/c3VyZmV2ZW50LWYzOWRiL3VzLWNlbnRyYWwxL29uQ3JlYXRlRXZlbnQvSTVXOVR2a0dLVUU 200
[debug] [2021-08-22T15:40:19.053Z] <<< [apiv2][body] GET https://cloudfunctions.googleapis.com/v1/operations/c3VyZmV2ZW50LWYzOWRiL3VzLWNlbnRyYWwxL29uQ3JlYXRlRXZlbnQvSTVXOVR2a0dLVUU {"name":"operations/c3VyZmV2ZW50LWYzOWRiL3VzLWNlbnRyYWwxL29uQ3JlYXRlRXZlbnQvSTVXOVR2a0dLVUU","metadata":{"@type":"type.googleapis.com/google.cloud.functions.v1.OperationMetadataV1","target":"projects/surfevent-f39db/locations/us-central1/functions/onCreateEvent","type":"UPDATE_FUNCTION","request":{"@type":"type.googleapis.com/google.cloud.functions.v1.CloudFunction","name":"projects/surfevent-f39db/locations/us-central1/functions/onCreateEvent","eventTrigger":{"eventType":"providers/cloud.firestore/eventTypes/document.create","resource":"projects/surfevent-f39db/databases/(default)/documents/events/{eventId}","service":"firestore.googleapis.com"},"status":"ACTIVE","entryPoint":"onCreateEvent","timeout":"60s","availableMemoryMb":256,"serviceAccountEmail":"surfevent-f39db@appspot.gserviceaccount.com","updateTime":"2021-08-21T19:45:43.009Z","versionId":"27","labels":{"deployment-tool":"cli-firebase"},"sourceUploadUrl":"https://storage.googleapis.com/gcf-upload-us-central1-98d4fc72-1ccc-404c-8da2-507a8a99d4b9/8d2abe82-42e3-4183-80eb-e9ce05c75181.zip?GoogleAccessId=service-46767575@gcf-admin-robot.iam.gserviceaccount.com&Expires=1629648617&Signature=juzdoNIT%2FYD0vUDXKL6QJrUwHRiofaAqEbenXtWirYJ33scE4cT%2BQfEM8%2BFE9wgjGAC3amKbVIYSe81d5FcJ0FRohQsRWK%2F1lyQvAhbfZs27FB27%2BYHtj%2BhBct%2Be%2FrqK8AZDnPbOJBFEQMwRcTXAx%2FPFxb7JYaxYqew7AGcRpvtVULk4ao5E6AKQDD3VYb0qX3R97mpIAVvQQ78ufQIBI41CMo3%2FyuDdv52lt4z2kekLzeFpHnI9j9c5p6t1REYQQZmsviKqx2oQqM2MDr8vff2rjPyc1ZcsQlGSKJoXxBzXfasM7DaEois4Hs3ld44CS9s2NG%2Bfs6p2OJNuR3ncow%3D%3D","environmentVariables":{"FIREBASE_CONFIG":"{\"projectId\":\"surfevent-f39db\",\"storageBucket\":\"surfevent-f39db.appspot.com\",\"locationId\":\"us-east1\"}"},"runtime":"nodejs14","ingressSettings":"ALLOW_ALL","buildId":"fa2a719e-2e67-48df-9538-de87fff5c0a3","buildName":"projects/46767575/locations/us-central1/builds/fa2a719e-2e67-48df-9538-de87fff5c0a3"},"versionId":"28","updateTime":"2021-08-22T15:40:18Z","buildName":"projects/46767575/locations/us-central1/builds/fa2a719e-2e67-48df-9538-de87fff5c0a3"}}
[debug] [2021-08-22T15:40:19.554Z] [update-projects/surfevent-f39db/locations/us-central1/functions/onCreateEvent] Retrying task index 0
[debug] [2021-08-22T15:40:19.554Z] >>> [apiv2][query] GET https://cloudfunctions.googleapis.com/v1/operations/c3VyZmV2ZW50LWYzOWRiL3VzLWNlbnRyYWwxL29uQ3JlYXRlRXZlbnQvSTVXOVR2a0dLVUU [none]
[debug] [2021-08-22T15:40:19.767Z] <<< [apiv2][status] GET https://cloudfunctions.googleapis.com/v1/operations/c3VyZmV2ZW50LWYzOWRiL3VzLWNlbnRyYWwxL29uQ3JlYXRlRXZlbnQvSTVXOVR2a0dLVUU 200
[debug] [2021-08-22T15:40:19.767Z] <<< [apiv2][body] GET https://cloudfunctions.googleapis.com/v1/operations/c3VyZmV2ZW50LWYzOWRiL3VzLWNlbnRyYWwxL29uQ3JlYXRlRXZlbnQvSTVXOVR2a0dLVUU {"name":"operations/c3VyZmV2ZW50LWYzOWRiL3VzLWNlbnRyYWwxL29uQ3JlYXRlRXZlbnQvSTVXOVR2a0dLVUU","metadata":{"@type":"type.googleapis.com/google.cloud.functions.v1.OperationMetadataV1","target":"projects/surfevent-f39db/locations/us-central1/functions/onCreateEvent","type":"UPDATE_FUNCTION","request":{"@type":"type.googleapis.com/google.cloud.functions.v1.CloudFunction","name":"projects/surfevent-f39db/locations/us-central1/functions/onCreateEvent","eventTrigger":{"eventType":"providers/cloud.firestore/eventTypes/document.create","resource":"projects/surfevent-f39db/databases/(default)/documents/events/{eventId}","service":"firestore.googleapis.com"},"status":"ACTIVE","entryPoint":"onCreateEvent","timeout":"60s","availableMemoryMb":256,"serviceAccountEmail":"surfevent-f39db@appspot.gserviceaccount.com","updateTime":"2021-08-21T19:45:43.009Z","versionId":"27","labels":{"deployment-tool":"cli-firebase"},"sourceUploadUrl":"https://storage.googleapis.com/gcf-upload-us-central1-98d4fc72-1ccc-404c-8da2-507a8a99d4b9/8d2abe82-42e3-4183-80eb-e9ce05c75181.zip?GoogleAccessId=service-46767575@gcf-admin-robot.iam.gserviceaccount.com&Expires=1629648617&Signature=juzdoNIT%2FYD0vUDXKL6QJrUwHRiofaAqEbenXtWirYJ33scE4cT%2BQfEM8%2BFE9wgjGAC3amKbVIYSe81d5FcJ0FRohQsRWK%2F1lyQvAhbfZs27FB27%2BYHtj%2BhBct%2Be%2FrqK8AZDnPbOJBFEQMwRcTXAx%2FPFxb7JYaxYqew7AGcRpvtVULk4ao5E6AKQDD3VYb0qX3R97mpIAVvQQ78ufQIBI41CMo3%2FyuDdv52lt4z2kekLzeFpHnI9j9c5p6t1REYQQZmsviKqx2oQqM2MDr8vff2rjPyc1ZcsQlGSKJoXxBzXfasM7DaEois4Hs3ld44CS9s2NG%2Bfs6p2OJNuR3ncow%3D%3D","environmentVariables":{"FIREBASE_CONFIG":"{\"projectId\":\"surfevent-f39db\",\"storageBucket\":\"surfevent-f39db.appspot.com\",\"locationId\":\"us-east1\"}"},"runtime":"nodejs14","ingressSettings":"ALLOW_ALL","buildId":"fa2a719e-2e67-48df-9538-de87fff5c0a3","buildName":"projects/46767575/locations/us-central1/builds/fa2a719e-2e67-48df-9538-de87fff5c0a3"},"versionId":"28","updateTime":"2021-08-22T15:40:18Z","buildId":"a860576c-f1f0-496f-b0e6-e2abe18c3178","buildName":"projects/46767575/locations/us-central1/builds/a860576c-f1f0-496f-b0e6-e2abe18c3178"}}
[debug] [2021-08-22T15:40:20.769Z] [update-projects/surfevent-f39db/locations/us-central1/functions/onCreateEvent] Retrying task index 0
[debug] [2021-08-22T15:40:20.770Z] >>> [apiv2][query] GET https://cloudfunctions.googleapis.com/v1/operations/c3VyZmV2ZW50LWYzOWRiL3VzLWNlbnRyYWwxL29uQ3JlYXRlRXZlbnQvSTVXOVR2a0dLVUU [none]
[debug] [2021-08-22T15:40:20.976Z] <<< [apiv2][status] GET https://cloudfunctions.googleapis.com/v1/operations/c3VyZmV2ZW50LWYzOWRiL3VzLWNlbnRyYWwxL29uQ3JlYXRlRXZlbnQvSTVXOVR2a0dLVUU 200
[debug] [2021-08-22T15:40:20.976Z] <<< [apiv2][body] GET https://cloudfunctions.googleapis.com/v1/operations/c3VyZmV2ZW50LWYzOWRiL3VzLWNlbnRyYWwxL29uQ3JlYXRlRXZlbnQvSTVXOVR2a0dLVUU {"name":"operations/c3VyZmV2ZW50LWYzOWRiL3VzLWNlbnRyYWwxL29uQ3JlYXRlRXZlbnQvSTVXOVR2a0dLVUU","metadata":{"@type":"type.googleapis.com/google.cloud.functions.v1.OperationMetadataV1","target":"projects/surfevent-f39db/locations/us-central1/functions/onCreateEvent","type":"UPDATE_FUNCTION","request":{"@type":"type.googleapis.com/google.cloud.functions.v1.CloudFunction","name":"projects/surfevent-f39db/locations/us-central1/functions/onCreateEvent","eventTrigger":{"eventType":"providers/cloud.firestore/eventTypes/document.create","resource":"projects/surfevent-f39db/databases/(default)/documents/events/{eventId}","service":"firestore.googleapis.com"},"status":"ACTIVE","entryPoint":"onCreateEvent","timeout":"60s","availableMemoryMb":256,"serviceAccountEmail":"surfevent-f39db@appspot.gserviceaccount.com","updateTime":"2021-08-21T19:45:43.009Z","versionId":"27","labels":{"deployment-tool":"cli-firebase"},"sourceUploadUrl":"https://storage.googleapis.com/gcf-upload-us-central1-98d4fc72-1ccc-404c-8da2-507a8a99d4b9/8d2abe82-42e3-4183-80eb-e9ce05c75181.zip?GoogleAccessId=service-46767575@gcf-admin-robot.iam.gserviceaccount.com&Expires=1629648617&Signature=juzdoNIT%2FYD0vUDXKL6QJrUwHRiofaAqEbenXtWirYJ33scE4cT%2BQfEM8%2BFE9wgjGAC3amKbVIYSe81d5FcJ0FRohQsRWK%2F1lyQvAhbfZs27FB27%2BYHtj%2BhBct%2Be%2FrqK8AZDnPbOJBFEQMwRcTXAx%2FPFxb7JYaxYqew7AGcRpvtVULk4ao5E6AKQDD3VYb0qX3R97mpIAVvQQ78ufQIBI41CMo3%2FyuDdv52lt4z2kekLzeFpHnI9j9c5p6t1REYQQZmsviKqx2oQqM2MDr8vff2rjPyc1ZcsQlGSKJoXxBzXfasM7DaEois4Hs3ld44CS9s2NG%2Bfs6p2OJNuR3ncow%3D%3D","environmentVariables":{"FIREBASE_CONFIG":"{\"projectId\":\"surfevent-f39db\",\"storageBucket\":\"surfevent-f39db.appspot.com\",\"locationId\":\"us-east1\"}"},"runtime":"nodejs14","ingressSettings":"ALLOW_ALL","buildId":"fa2a719e-2e67-48df-9538-de87fff5c0a3","buildName":"projects/46767575/locations/us-central1/builds/fa2a719e-2e67-48df-9538-de87fff5c0a3"},"versionId":"28","updateTime":"2021-08-22T15:40:18Z","buildId":"a860576c-f1f0-496f-b0e6-e2abe18c3178","buildName":"projects/46767575/locations/us-central1/builds/a860576c-f1f0-496f-b0e6-e2abe18c3178"}}
[debug] [2021-08-22T15:40:22.978Z] [update-projects/surfevent-f39db/locations/us-central1/functions/onCreateEvent] Retrying task index 0
[debug] [2021-08-22T15:40:22.978Z] >>> [apiv2][query] GET https://cloudfunctions.googleapis.com/v1/operations/c3VyZmV2ZW50LWYzOWRiL3VzLWNlbnRyYWwxL29uQ3JlYXRlRXZlbnQvSTVXOVR2a0dLVUU [none]
[debug] [2021-08-22T15:40:23.169Z] <<< [apiv2][status] GET https://cloudfunctions.googleapis.com/v1/operations/c3VyZmV2ZW50LWYzOWRiL3VzLWNlbnRyYWwxL29uQ3JlYXRlRXZlbnQvSTVXOVR2a0dLVUU 200
[debug] [2021-08-22T15:40:23.169Z] <<< [apiv2][body] GET https://cloudfunctions.googleapis.com/v1/operations/c3VyZmV2ZW50LWYzOWRiL3VzLWNlbnRyYWwxL29uQ3JlYXRlRXZlbnQvSTVXOVR2a0dLVUU {"name":"operations/c3VyZmV2ZW50LWYzOWRiL3VzLWNlbnRyYWwxL29uQ3JlYXRlRXZlbnQvSTVXOVR2a0dLVUU","metadata":{"@type":"type.googleapis.com/google.cloud.functions.v1.OperationMetadataV1","target":"projects/surfevent-f39db/locations/us-central1/functions/onCreateEvent","type":"UPDATE_FUNCTION","request":{"@type":"type.googleapis.com/google.cloud.functions.v1.CloudFunction","name":"projects/surfevent-f39db/locations/us-central1/functions/onCreateEvent","eventTrigger":{"eventType":"providers/cloud.firestore/eventTypes/document.create","resource":"projects/surfevent-f39db/databases/(default)/documents/events/{eventId}","service":"firestore.googleapis.com"},"status":"ACTIVE","entryPoint":"onCreateEvent","timeout":"60s","availableMemoryMb":256,"serviceAccountEmail":"surfevent-f39db@appspot.gserviceaccount.com","updateTime":"2021-08-21T19:45:43.009Z","versionId":"27","labels":{"deployment-tool":"cli-firebase"},"sourceUploadUrl":"https://storage.googleapis.com/gcf-upload-us-central1-98d4fc72-1ccc-404c-8da2-507a8a99d4b9/8d2abe82-42e3-4183-80eb-e9ce05c75181.zip?GoogleAccessId=service-46767575@gcf-admin-robot.iam.gserviceaccount.com&Expires=1629648617&Signature=juzdoNIT%2FYD0vUDXKL6QJrUwHRiofaAqEbenXtWirYJ33scE4cT%2BQfEM8%2BFE9wgjGAC3amKbVIYSe81d5FcJ0FRohQsRWK%2F1lyQvAhbfZs27FB27%2BYHtj%2BhBct%2Be%2FrqK8AZDnPbOJBFEQMwRcTXAx%2FPFxb7JYaxYqew7AGcRpvtVULk4ao5E6AKQDD3VYb0qX3R97mpIAVvQQ78ufQIBI41CMo3%2FyuDdv52lt4z2kekLzeFpHnI9j9c5p6t1REYQQZmsviKqx2oQqM2MDr8vff2rjPyc1ZcsQlGSKJoXxBzXfasM7DaEois4Hs3ld44CS9s2NG%2Bfs6p2OJNuR3ncow%3D%3D","environmentVariables":{"FIREBASE_CONFIG":"{\"projectId\":\"surfevent-f39db\",\"storageBucket\":\"surfevent-f39db.appspot.com\",\"locationId\":\"us-east1\"}"},"runtime":"nodejs14","ingressSettings":"ALLOW_ALL","buildId":"fa2a719e-2e67-48df-9538-de87fff5c0a3","buildName":"projects/46767575/locations/us-central1/builds/fa2a719e-2e67-48df-9538-de87fff5c0a3"},"versionId":"28","updateTime":"2021-08-22T15:40:18Z","buildId":"a860576c-f1f0-496f-b0e6-e2abe18c3178","buildName":"projects/46767575/locations/us-central1/builds/a860576c-f1f0-496f-b0e6-e2abe18c3178"}}
[debug] [2021-08-22T15:40:27.171Z] [update-projects/surfevent-f39db/locations/us-central1/functions/onCreateEvent] Retrying task index 0
[debug] [2021-08-22T15:40:27.171Z] >>> [apiv2][query] GET https://cloudfunctions.googleapis.com/v1/operations/c3VyZmV2ZW50LWYzOWRiL3VzLWNlbnRyYWwxL29uQ3JlYXRlRXZlbnQvSTVXOVR2a0dLVUU [none]
[debug] [2021-08-22T15:40:27.359Z] <<< [apiv2][status] GET https://cloudfunctions.googleapis.com/v1/operations/c3VyZmV2ZW50LWYzOWRiL3VzLWNlbnRyYWwxL29uQ3JlYXRlRXZlbnQvSTVXOVR2a0dLVUU 200
[debug] [2021-08-22T15:40:27.359Z] <<< [apiv2][body] GET https://cloudfunctions.googleapis.com/v1/operations/c3VyZmV2ZW50LWYzOWRiL3VzLWNlbnRyYWwxL29uQ3JlYXRlRXZlbnQvSTVXOVR2a0dLVUU {"name":"operations/c3VyZmV2ZW50LWYzOWRiL3VzLWNlbnRyYWwxL29uQ3JlYXRlRXZlbnQvSTVXOVR2a0dLVUU","metadata":{"@type":"type.googleapis.com/google.cloud.functions.v1.OperationMetadataV1","target":"projects/surfevent-f39db/locations/us-central1/functions/onCreateEvent","type":"UPDATE_FUNCTION","request":{"@type":"type.googleapis.com/google.cloud.functions.v1.CloudFunction","name":"projects/surfevent-f39db/locations/us-central1/functions/onCreateEvent","eventTrigger":{"eventType":"providers/cloud.firestore/eventTypes/document.create","resource":"projects/surfevent-f39db/databases/(default)/documents/events/{eventId}","service":"firestore.googleapis.com"},"status":"ACTIVE","entryPoint":"onCreateEvent","timeout":"60s","availableMemoryMb":256,"serviceAccountEmail":"surfevent-f39db@appspot.gserviceaccount.com","updateTime":"2021-08-21T19:45:43.009Z","versionId":"27","labels":{"deployment-tool":"cli-firebase"},"sourceUploadUrl":"https://storage.googleapis.com/gcf-upload-us-central1-98d4fc72-1ccc-404c-8da2-507a8a99d4b9/8d2abe82-42e3-4183-80eb-e9ce05c75181.zip?GoogleAccessId=service-46767575@gcf-admin-robot.iam.gserviceaccount.com&Expires=1629648617&Signature=juzdoNIT%2FYD0vUDXKL6QJrUwHRiofaAqEbenXtWirYJ33scE4cT%2BQfEM8%2BFE9wgjGAC3amKbVIYSe81d5FcJ0FRohQsRWK%2F1lyQvAhbfZs27FB27%2BYHtj%2BhBct%2Be%2FrqK8AZDnPbOJBFEQMwRcTXAx%2FPFxb7JYaxYqew7AGcRpvtVULk4ao5E6AKQDD3VYb0qX3R97mpIAVvQQ78ufQIBI41CMo3%2FyuDdv52lt4z2kekLzeFpHnI9j9c5p6t1REYQQZmsviKqx2oQqM2MDr8vff2rjPyc1ZcsQlGSKJoXxBzXfasM7DaEois4Hs3ld44CS9s2NG%2Bfs6p2OJNuR3ncow%3D%3D","environmentVariables":{"FIREBASE_CONFIG":"{\"projectId\":\"surfevent-f39db\",\"storageBucket\":\"surfevent-f39db.appspot.com\",\"locationId\":\"us-east1\"}"},"runtime":"nodejs14","ingressSettings":"ALLOW_ALL","buildId":"fa2a719e-2e67-48df-9538-de87fff5c0a3","buildName":"projects/46767575/locations/us-central1/builds/fa2a719e-2e67-48df-9538-de87fff5c0a3"},"versionId":"28","updateTime":"2021-08-22T15:40:18Z","buildId":"a860576c-f1f0-496f-b0e6-e2abe18c3178","buildName":"projects/46767575/locations/us-central1/builds/a860576c-f1f0-496f-b0e6-e2abe18c3178"}}
[debug] [2021-08-22T15:40:35.364Z] [update-projects/surfevent-f39db/locations/us-central1/functions/onCreateEvent] Retrying task index 0
[debug] [2021-08-22T15:40:35.364Z] >>> [apiv2][query] GET https://cloudfunctions.googleapis.com/v1/operations/c3VyZmV2ZW50LWYzOWRiL3VzLWNlbnRyYWwxL29uQ3JlYXRlRXZlbnQvSTVXOVR2a0dLVUU [none]
[debug] [2021-08-22T15:40:35.580Z] <<< [apiv2][status] GET https://cloudfunctions.googleapis.com/v1/operations/c3VyZmV2ZW50LWYzOWRiL3VzLWNlbnRyYWwxL29uQ3JlYXRlRXZlbnQvSTVXOVR2a0dLVUU 200
[debug] [2021-08-22T15:40:35.580Z] <<< [apiv2][body] GET https://cloudfunctions.googleapis.com/v1/operations/c3VyZmV2ZW50LWYzOWRiL3VzLWNlbnRyYWwxL29uQ3JlYXRlRXZlbnQvSTVXOVR2a0dLVUU {"name":"operations/c3VyZmV2ZW50LWYzOWRiL3VzLWNlbnRyYWwxL29uQ3JlYXRlRXZlbnQvSTVXOVR2a0dLVUU","metadata":{"@type":"type.googleapis.com/google.cloud.functions.v1.OperationMetadataV1","target":"projects/surfevent-f39db/locations/us-central1/functions/onCreateEvent","type":"UPDATE_FUNCTION","request":{"@type":"type.googleapis.com/google.cloud.functions.v1.CloudFunction","name":"projects/surfevent-f39db/locations/us-central1/functions/onCreateEvent","eventTrigger":{"eventType":"providers/cloud.firestore/eventTypes/document.create","resource":"projects/surfevent-f39db/databases/(default)/documents/events/{eventId}","service":"firestore.googleapis.com"},"status":"ACTIVE","entryPoint":"onCreateEvent","timeout":"60s","availableMemoryMb":256,"serviceAccountEmail":"surfevent-f39db@appspot.gserviceaccount.com","updateTime":"2021-08-21T19:45:43.009Z","versionId":"27","labels":{"deployment-tool":"cli-firebase"},"sourceUploadUrl":"https://storage.googleapis.com/gcf-upload-us-central1-98d4fc72-1ccc-404c-8da2-507a8a99d4b9/8d2abe82-42e3-4183-80eb-e9ce05c75181.zip?GoogleAccessId=service-46767575@gcf-admin-robot.iam.gserviceaccount.com&Expires=1629648617&Signature=juzdoNIT%2FYD0vUDXKL6QJrUwHRiofaAqEbenXtWirYJ33scE4cT%2BQfEM8%2BFE9wgjGAC3amKbVIYSe81d5FcJ0FRohQsRWK%2F1lyQvAhbfZs27FB27%2BYHtj%2BhBct%2Be%2FrqK8AZDnPbOJBFEQMwRcTXAx%2FPFxb7JYaxYqew7AGcRpvtVULk4ao5E6AKQDD3VYb0qX3R97mpIAVvQQ78ufQIBI41CMo3%2FyuDdv52lt4z2kekLzeFpHnI9j9c5p6t1REYQQZmsviKqx2oQqM2MDr8vff2rjPyc1ZcsQlGSKJoXxBzXfasM7DaEois4Hs3ld44CS9s2NG%2Bfs6p2OJNuR3ncow%3D%3D","environmentVariables":{"FIREBASE_CONFIG":"{\"projectId\":\"surfevent-f39db\",\"storageBucket\":\"surfevent-f39db.appspot.com\",\"locationId\":\"us-east1\"}"},"runtime":"nodejs14","ingressSettings":"ALLOW_ALL","buildId":"fa2a719e-2e67-48df-9538-de87fff5c0a3","buildName":"projects/46767575/locations/us-central1/builds/fa2a719e-2e67-48df-9538-de87fff5c0a3"},"versionId":"28","updateTime":"2021-08-22T15:40:18Z","buildId":"a860576c-f1f0-496f-b0e6-e2abe18c3178","buildName":"projects/46767575/locations/us-central1/builds/a860576c-f1f0-496f-b0e6-e2abe18c3178"}}
